{"/Users/tarekraafat/Library/CloudStorage/GoogleDrive-tarek.m.raafat@gmail.com/My Drive/Projects/Development/Javascript/eleva/src/index.js": {"path":"/Users/tarekraafat/Library/CloudStorage/GoogleDrive-tarek.m.raafat@gmail.com/My Drive/Projects/Development/Javascript/eleva/src/index.js","statementMap":{},"fnMap":{},"branchMap":{},"s":{},"f":{},"b":{},"_coverageSchema":"1a1c01bbd47fc00a2c39e90264f33305004495a9","hash":"d95f8ad870fc9cf11551a54b9d5824607b992abd"}
,"/Users/tarekraafat/Library/CloudStorage/GoogleDrive-tarek.m.raafat@gmail.com/My Drive/Projects/Development/Javascript/eleva/src/core/Eleva.js": {"path":"/Users/tarekraafat/Library/CloudStorage/GoogleDrive-tarek.m.raafat@gmail.com/My Drive/Projects/Development/Javascript/eleva/src/core/Eleva.js","statementMap":{"0":{"start":{"line":46,"column":4},"end":{"line":46,"column":21}},"1":{"start":{"line":48,"column":4},"end":{"line":48,"column":25}},"2":{"start":{"line":50,"column":4},"end":{"line":50,"column":26}},"3":{"start":{"line":52,"column":4},"end":{"line":52,"column":23}},"4":{"start":{"line":54,"column":4},"end":{"line":60,"column":6}},"5":{"start":{"line":62,"column":4},"end":{"line":62,"column":28}},"6":{"start":{"line":64,"column":4},"end":{"line":64,"column":33}},"7":{"start":{"line":66,"column":4},"end":{"line":66,"column":35}},"8":{"start":{"line":77,"column":4},"end":{"line":79,"column":5}},"9":{"start":{"line":78,"column":6},"end":{"line":78,"column":36}},"10":{"start":{"line":80,"column":4},"end":{"line":80,"column":31}},"11":{"start":{"line":81,"column":4},"end":{"line":81,"column":16}},"12":{"start":{"line":92,"column":4},"end":{"line":92,"column":40}},"13":{"start":{"line":93,"column":4},"end":{"line":93,"column":16}},"14":{"start":{"line":106,"column":4},"end":{"line":106,"column":73}},"15":{"start":{"line":106,"column":20},"end":{"line":106,"column":73}},"16":{"start":{"line":109,"column":4},"end":{"line":117,"column":5}},"17":{"start":{"line":110,"column":6},"end":{"line":110,"column":46}},"18":{"start":{"line":111,"column":6},"end":{"line":112,"column":67}},"19":{"start":{"line":112,"column":8},"end":{"line":112,"column":67}},"20":{"start":{"line":113,"column":11},"end":{"line":117,"column":5}},"21":{"start":{"line":114,"column":6},"end":{"line":114,"column":28}},"22":{"start":{"line":116,"column":6},"end":{"line":116,"column":54}},"23":{"start":{"line":126,"column":49},"end":{"line":126,"column":59}},"24":{"start":{"line":137,"column":20},"end":{"line":142,"column":5}},"25":{"start":{"line":140,"column":21},"end":{"line":140,"column":34}},"26":{"start":{"line":147,"column":20},"end":{"line":147,"column":25}},"27":{"start":{"line":155,"column":25},"end":{"line":215,"column":5}},"28":{"start":{"line":156,"column":28},"end":{"line":156,"column":51}},"29":{"start":{"line":157,"column":35},"end":{"line":157,"column":37}},"30":{"start":{"line":158,"column":29},"end":{"line":158,"column":31}},"31":{"start":{"line":159,"column":31},"end":{"line":159,"column":33}},"32":{"start":{"line":161,"column":6},"end":{"line":165,"column":7}},"33":{"start":{"line":162,"column":8},"end":{"line":162,"column":69}},"34":{"start":{"line":164,"column":8},"end":{"line":164,"column":71}},"35":{"start":{"line":171,"column":21},"end":{"line":186,"column":7}},"36":{"start":{"line":172,"column":24},"end":{"line":175,"column":9}},"37":{"start":{"line":176,"column":8},"end":{"line":176,"column":51}},"38":{"start":{"line":177,"column":8},"end":{"line":177,"column":72}},"39":{"start":{"line":178,"column":8},"end":{"line":178,"column":70}},"40":{"start":{"line":179,"column":8},"end":{"line":179,"column":65}},"41":{"start":{"line":180,"column":8},"end":{"line":185,"column":9}},"42":{"start":{"line":181,"column":10},"end":{"line":181,"column":59}},"43":{"start":{"line":182,"column":10},"end":{"line":182,"column":27}},"44":{"start":{"line":184,"column":10},"end":{"line":184,"column":61}},"45":{"start":{"line":193,"column":6},"end":{"line":195,"column":9}},"46":{"start":{"line":194,"column":8},"end":{"line":194,"column":80}},"47":{"start":{"line":194,"column":35},"end":{"line":194,"column":80}},"48":{"start":{"line":197,"column":6},"end":{"line":197,"column":15}},"49":{"start":{"line":199,"column":6},"end":{"line":214,"column":8}},"50":{"start":{"line":208,"column":10},"end":{"line":208,"column":53}},"51":{"start":{"line":208,"column":47},"end":{"line":208,"column":51}},"52":{"start":{"line":209,"column":10},"end":{"line":209,"column":49}},"53":{"start":{"line":209,"column":43},"end":{"line":209,"column":47}},"54":{"start":{"line":210,"column":10},"end":{"line":210,"column":61}},"55":{"start":{"line":210,"column":44},"end":{"line":210,"column":59}},"56":{"start":{"line":211,"column":10},"end":{"line":211,"column":63}},"57":{"start":{"line":212,"column":10},"end":{"line":212,"column":35}},"58":{"start":{"line":218,"column":4},"end":{"line":220,"column":41}},"59":{"start":{"line":220,"column":21},"end":{"line":220,"column":39}},"60":{"start":{"line":230,"column":4},"end":{"line":233,"column":11}},"61":{"start":{"line":231,"column":6},"end":{"line":231,"column":28}},"62":{"start":{"line":232,"column":6},"end":{"line":232,"column":17}},"63":{"start":{"line":246,"column":4},"end":{"line":258,"column":7}},"64":{"start":{"line":247,"column":6},"end":{"line":257,"column":9}},"65":{"start":{"line":248,"column":8},"end":{"line":256,"column":9}},"66":{"start":{"line":249,"column":24},"end":{"line":249,"column":37}},"67":{"start":{"line":250,"column":26},"end":{"line":250,"column":65}},"68":{"start":{"line":251,"column":10},"end":{"line":255,"column":11}},"69":{"start":{"line":252,"column":12},"end":{"line":252,"column":48}},"70":{"start":{"line":253,"column":12},"end":{"line":253,"column":37}},"71":{"start":{"line":254,"column":12},"end":{"line":254,"column":80}},"72":{"start":{"line":254,"column":40},"end":{"line":254,"column":78}},"73":{"start":{"line":271,"column":4},"end":{"line":281,"column":5}},"74":{"start":{"line":272,"column":20},"end":{"line":274,"column":7}},"75":{"start":{"line":275,"column":6},"end":{"line":279,"column":7}},"76":{"start":{"line":276,"column":8},"end":{"line":276,"column":50}},"77":{"start":{"line":277,"column":8},"end":{"line":277,"column":59}},"78":{"start":{"line":278,"column":8},"end":{"line":278,"column":39}},"79":{"start":{"line":280,"column":6},"end":{"line":280,"column":76}},"80":{"start":{"line":293,"column":4},"end":{"line":293,"column":55}},"81":{"start":{"line":293,"column":38},"end":{"line":293,"column":53}},"82":{"start":{"line":294,"column":4},"end":{"line":294,"column":30}},"83":{"start":{"line":296,"column":4},"end":{"line":307,"column":7}},"84":{"start":{"line":297,"column":6},"end":{"line":306,"column":9}},"85":{"start":{"line":298,"column":22},"end":{"line":298,"column":24}},"86":{"start":{"line":299,"column":8},"end":{"line":303,"column":11}},"87":{"start":{"line":300,"column":10},"end":{"line":302,"column":11}},"88":{"start":{"line":301,"column":12},"end":{"line":301,"column":60}},"89":{"start":{"line":304,"column":25},"end":{"line":304,"column":76}},"90":{"start":{"line":305,"column":8},"end":{"line":305,"column":38}}},"fnMap":{"0":{"name":"(anonymous_0)","decl":{"start":{"line":44,"column":2},"end":{"line":44,"column":3}},"loc":{"start":{"line":44,"column":33},"end":{"line":67,"column":3}},"line":44},"1":{"name":"(anonymous_1)","decl":{"start":{"line":76,"column":2},"end":{"line":76,"column":3}},"loc":{"start":{"line":76,"column":28},"end":{"line":82,"column":3}},"line":76},"2":{"name":"(anonymous_2)","decl":{"start":{"line":91,"column":2},"end":{"line":91,"column":3}},"loc":{"start":{"line":91,"column":30},"end":{"line":94,"column":3}},"line":91},"3":{"name":"(anonymous_3)","decl":{"start":{"line":105,"column":2},"end":{"line":105,"column":3}},"loc":{"start":{"line":105,"column":41},"end":{"line":221,"column":3}},"line":105},"4":{"name":"(anonymous_4)","decl":{"start":{"line":140,"column":14},"end":{"line":140,"column":15}},"loc":{"start":{"line":140,"column":21},"end":{"line":140,"column":34}},"line":140},"5":{"name":"(anonymous_5)","decl":{"start":{"line":155,"column":25},"end":{"line":155,"column":26}},"loc":{"start":{"line":155,"column":35},"end":{"line":215,"column":5}},"line":155},"6":{"name":"(anonymous_6)","decl":{"start":{"line":171,"column":21},"end":{"line":171,"column":22}},"loc":{"start":{"line":171,"column":27},"end":{"line":186,"column":7}},"line":171},"7":{"name":"(anonymous_7)","decl":{"start":{"line":193,"column":34},"end":{"line":193,"column":35}},"loc":{"start":{"line":193,"column":43},"end":{"line":195,"column":7}},"line":193},"8":{"name":"(anonymous_8)","decl":{"start":{"line":207,"column":17},"end":{"line":207,"column":18}},"loc":{"start":{"line":207,"column":23},"end":{"line":213,"column":9}},"line":207},"9":{"name":"(anonymous_9)","decl":{"start":{"line":208,"column":39},"end":{"line":208,"column":40}},"loc":{"start":{"line":208,"column":47},"end":{"line":208,"column":51}},"line":208},"10":{"name":"(anonymous_10)","decl":{"start":{"line":209,"column":35},"end":{"line":209,"column":36}},"loc":{"start":{"line":209,"column":43},"end":{"line":209,"column":47}},"line":209},"11":{"name":"(anonymous_11)","decl":{"start":{"line":210,"column":33},"end":{"line":210,"column":34}},"loc":{"start":{"line":210,"column":44},"end":{"line":210,"column":59}},"line":210},"12":{"name":"(anonymous_12)","decl":{"start":{"line":220,"column":11},"end":{"line":220,"column":12}},"loc":{"start":{"line":220,"column":21},"end":{"line":220,"column":39}},"line":220},"13":{"name":"(anonymous_13)","decl":{"start":{"line":229,"column":2},"end":{"line":229,"column":3}},"loc":{"start":{"line":229,"column":27},"end":{"line":234,"column":3}},"line":229},"14":{"name":"(anonymous_14)","decl":{"start":{"line":230,"column":39},"end":{"line":230,"column":40}},"loc":{"start":{"line":230,"column":54},"end":{"line":233,"column":5}},"line":230},"15":{"name":"(anonymous_15)","decl":{"start":{"line":231,"column":18},"end":{"line":231,"column":19}},"loc":{"start":{"line":231,"column":24},"end":{"line":231,"column":27}},"line":231},"16":{"name":"(anonymous_16)","decl":{"start":{"line":245,"column":2},"end":{"line":245,"column":3}},"loc":{"start":{"line":245,"column":55},"end":{"line":259,"column":3}},"line":245},"17":{"name":"(anonymous_17)","decl":{"start":{"line":246,"column":44},"end":{"line":246,"column":45}},"loc":{"start":{"line":246,"column":52},"end":{"line":258,"column":5}},"line":246},"18":{"name":"(anonymous_18)","decl":{"start":{"line":247,"column":33},"end":{"line":247,"column":34}},"loc":{"start":{"line":247,"column":54},"end":{"line":257,"column":7}},"line":247},"19":{"name":"(anonymous_19)","decl":{"start":{"line":254,"column":34},"end":{"line":254,"column":35}},"loc":{"start":{"line":254,"column":40},"end":{"line":254,"column":78}},"line":254},"20":{"name":"(anonymous_20)","decl":{"start":{"line":270,"column":2},"end":{"line":270,"column":3}},"loc":{"start":{"line":270,"column":55},"end":{"line":282,"column":3}},"line":270},"21":{"name":"(anonymous_21)","decl":{"start":{"line":292,"column":2},"end":{"line":292,"column":3}},"loc":{"start":{"line":292,"column":54},"end":{"line":308,"column":3}},"line":292},"22":{"name":"(anonymous_22)","decl":{"start":{"line":293,"column":27},"end":{"line":293,"column":28}},"loc":{"start":{"line":293,"column":38},"end":{"line":293,"column":53}},"line":293},"23":{"name":"(anonymous_23)","decl":{"start":{"line":296,"column":40},"end":{"line":296,"column":41}},"loc":{"start":{"line":296,"column":59},"end":{"line":307,"column":5}},"line":296},"24":{"name":"(anonymous_24)","decl":{"start":{"line":297,"column":56},"end":{"line":297,"column":57}},"loc":{"start":{"line":297,"column":69},"end":{"line":306,"column":7}},"line":297},"25":{"name":"(anonymous_25)","decl":{"start":{"line":299,"column":40},"end":{"line":299,"column":41}},"loc":{"start":{"line":299,"column":61},"end":{"line":303,"column":9}},"line":299}},"branchMap":{"0":{"loc":{"start":{"line":44,"column":20},"end":{"line":44,"column":31}},"type":"default-arg","locations":[{"start":{"line":44,"column":29},"end":{"line":44,"column":31}}],"line":44},"1":{"loc":{"start":{"line":76,"column":14},"end":{"line":76,"column":26}},"type":"default-arg","locations":[{"start":{"line":76,"column":24},"end":{"line":76,"column":26}}],"line":76},"2":{"loc":{"start":{"line":77,"column":4},"end":{"line":79,"column":5}},"type":"if","locations":[{"start":{"line":77,"column":4},"end":{"line":79,"column":5}},{"start":{},"end":{}}],"line":77},"3":{"loc":{"start":{"line":105,"column":29},"end":{"line":105,"column":39}},"type":"default-arg","locations":[{"start":{"line":105,"column":37},"end":{"line":105,"column":39}}],"line":105},"4":{"loc":{"start":{"line":106,"column":4},"end":{"line":106,"column":73}},"type":"if","locations":[{"start":{"line":106,"column":4},"end":{"line":106,"column":73}},{"start":{},"end":{}}],"line":106},"5":{"loc":{"start":{"line":109,"column":4},"end":{"line":117,"column":5}},"type":"if","locations":[{"start":{"line":109,"column":4},"end":{"line":117,"column":5}},{"start":{"line":113,"column":11},"end":{"line":117,"column":5}}],"line":109},"6":{"loc":{"start":{"line":111,"column":6},"end":{"line":112,"column":67}},"type":"if","locations":[{"start":{"line":111,"column":6},"end":{"line":112,"column":67}},{"start":{},"end":{}}],"line":111},"7":{"loc":{"start":{"line":113,"column":11},"end":{"line":117,"column":5}},"type":"if","locations":[{"start":{"line":113,"column":11},"end":{"line":117,"column":5}},{"start":{"line":115,"column":11},"end":{"line":117,"column":5}}],"line":113},"8":{"loc":{"start":{"line":161,"column":6},"end":{"line":165,"column":7}},"type":"if","locations":[{"start":{"line":161,"column":6},"end":{"line":165,"column":7}},{"start":{"line":163,"column":13},"end":{"line":165,"column":7}}],"line":161},"9":{"loc":{"start":{"line":162,"column":8},"end":{"line":162,"column":68}},"type":"binary-expr","locations":[{"start":{"line":162,"column":8},"end":{"line":162,"column":35}},{"start":{"line":162,"column":39},"end":{"line":162,"column":68}}],"line":162},"10":{"loc":{"start":{"line":164,"column":8},"end":{"line":164,"column":70}},"type":"binary-expr","locations":[{"start":{"line":164,"column":8},"end":{"line":164,"column":36}},{"start":{"line":164,"column":40},"end":{"line":164,"column":70}}],"line":164},"11":{"loc":{"start":{"line":180,"column":8},"end":{"line":185,"column":9}},"type":"if","locations":[{"start":{"line":180,"column":8},"end":{"line":185,"column":9}},{"start":{"line":183,"column":15},"end":{"line":185,"column":9}}],"line":180},"12":{"loc":{"start":{"line":181,"column":10},"end":{"line":181,"column":58}},"type":"binary-expr","locations":[{"start":{"line":181,"column":10},"end":{"line":181,"column":31}},{"start":{"line":181,"column":35},"end":{"line":181,"column":58}}],"line":181},"13":{"loc":{"start":{"line":184,"column":10},"end":{"line":184,"column":60}},"type":"binary-expr","locations":[{"start":{"line":184,"column":10},"end":{"line":184,"column":32}},{"start":{"line":184,"column":36},"end":{"line":184,"column":60}}],"line":184},"14":{"loc":{"start":{"line":194,"column":8},"end":{"line":194,"column":80}},"type":"if","locations":[{"start":{"line":194,"column":8},"end":{"line":194,"column":80}},{"start":{},"end":{}}],"line":194},"15":{"loc":{"start":{"line":211,"column":10},"end":{"line":211,"column":62}},"type":"binary-expr","locations":[{"start":{"line":211,"column":10},"end":{"line":211,"column":33}},{"start":{"line":211,"column":37},"end":{"line":211,"column":62}}],"line":211},"16":{"loc":{"start":{"line":219,"column":6},"end":{"line":219,"column":55}},"type":"cond-expr","locations":[{"start":{"line":219,"column":36},"end":{"line":219,"column":50}},{"start":{"line":219,"column":53},"end":{"line":219,"column":55}}],"line":219},"17":{"loc":{"start":{"line":248,"column":8},"end":{"line":256,"column":9}},"type":"if","locations":[{"start":{"line":248,"column":8},"end":{"line":256,"column":9}},{"start":{},"end":{}}],"line":248},"18":{"loc":{"start":{"line":251,"column":10},"end":{"line":255,"column":11}},"type":"if","locations":[{"start":{"line":251,"column":10},"end":{"line":255,"column":11}},{"start":{},"end":{}}],"line":251},"19":{"loc":{"start":{"line":271,"column":4},"end":{"line":281,"column":5}},"type":"if","locations":[{"start":{"line":271,"column":4},"end":{"line":281,"column":5}},{"start":{},"end":{}}],"line":271},"20":{"loc":{"start":{"line":275,"column":6},"end":{"line":279,"column":7}},"type":"if","locations":[{"start":{"line":275,"column":6},"end":{"line":279,"column":7}},{"start":{},"end":{}}],"line":275},"21":{"loc":{"start":{"line":296,"column":16},"end":{"line":296,"column":30}},"type":"binary-expr","locations":[{"start":{"line":296,"column":16},"end":{"line":296,"column":24}},{"start":{"line":296,"column":28},"end":{"line":296,"column":30}}],"line":296},"22":{"loc":{"start":{"line":300,"column":10},"end":{"line":302,"column":11}},"type":"if","locations":[{"start":{"line":300,"column":10},"end":{"line":302,"column":11}},{"start":{},"end":{}}],"line":300}},"s":{"0":9,"1":9,"2":9,"3":9,"4":9,"5":9,"6":9,"7":9,"8":1,"9":1,"10":1,"11":1,"12":5,"13":5,"14":5,"15":0,"16":5,"17":4,"18":4,"19":0,"20":1,"21":1,"22":0,"23":5,"24":5,"25":2,"26":5,"27":5,"28":5,"29":5,"30":5,"31":5,"32":5,"33":5,"34":0,"35":5,"36":5,"37":5,"38":5,"39":5,"40":5,"41":5,"42":5,"43":5,"44":0,"45":5,"46":7,"47":2,"48":5,"49":5,"50":2,"51":1,"52":2,"53":1,"54":2,"55":0,"56":2,"57":2,"58":5,"59":5,"60":5,"61":25,"62":25,"63":5,"64":7,"65":2,"66":1,"67":1,"68":1,"69":1,"70":1,"71":1,"72":1,"73":5,"74":0,"75":0,"76":0,"77":0,"78":0,"79":0,"80":5,"81":0,"82":5,"83":5,"84":1,"85":1,"86":1,"87":1,"88":1,"89":1,"90":1},"f":{"0":9,"1":1,"2":5,"3":5,"4":2,"5":5,"6":5,"7":7,"8":2,"9":1,"10":1,"11":0,"12":5,"13":5,"14":25,"15":9,"16":5,"17":7,"18":2,"19":1,"20":5,"21":5,"22":0,"23":1,"24":1,"25":1},"b":{"0":[9],"1":[0],"2":[1,0],"3":[4],"4":[0,5],"5":[4,1],"6":[0,4],"7":[1,0],"8":[5,0],"9":[5,5],"10":[0,0],"11":[5,0],"12":[5,5],"13":[0,0],"14":[2,5],"15":[2,2],"16":[5,0],"17":[1,1],"18":[1,0],"19":[0,5],"20":[0,0],"21":[5,4],"22":[1,0]},"_coverageSchema":"1a1c01bbd47fc00a2c39e90264f33305004495a9","hash":"fb12aeab4e7aa4143c7a3587e0620ee9bcbac1ea"}
,"/Users/tarekraafat/Library/CloudStorage/GoogleDrive-tarek.m.raafat@gmail.com/My Drive/Projects/Development/Javascript/eleva/src/modules/Emitter.js": {"path":"/Users/tarekraafat/Library/CloudStorage/GoogleDrive-tarek.m.raafat@gmail.com/My Drive/Projects/Development/Javascript/eleva/src/modules/Emitter.js","statementMap":{"0":{"start":{"line":15,"column":4},"end":{"line":15,"column":21}},"1":{"start":{"line":25,"column":4},"end":{"line":25,"column":68}},"2":{"start":{"line":35,"column":4},"end":{"line":37,"column":5}},"3":{"start":{"line":36,"column":6},"end":{"line":36,"column":75}},"4":{"start":{"line":36,"column":60},"end":{"line":36,"column":73}},"5":{"start":{"line":47,"column":4},"end":{"line":47,"column":70}},"6":{"start":{"line":47,"column":52},"end":{"line":47,"column":68}}},"fnMap":{"0":{"name":"(anonymous_0)","decl":{"start":{"line":13,"column":2},"end":{"line":13,"column":3}},"loc":{"start":{"line":13,"column":16},"end":{"line":16,"column":3}},"line":13},"1":{"name":"(anonymous_1)","decl":{"start":{"line":24,"column":2},"end":{"line":24,"column":3}},"loc":{"start":{"line":24,"column":21},"end":{"line":26,"column":3}},"line":24},"2":{"name":"(anonymous_2)","decl":{"start":{"line":34,"column":2},"end":{"line":34,"column":3}},"loc":{"start":{"line":34,"column":22},"end":{"line":38,"column":3}},"line":34},"3":{"name":"(anonymous_3)","decl":{"start":{"line":36,"column":53},"end":{"line":36,"column":54}},"loc":{"start":{"line":36,"column":60},"end":{"line":36,"column":73}},"line":36},"4":{"name":"(anonymous_4)","decl":{"start":{"line":46,"column":2},"end":{"line":46,"column":3}},"loc":{"start":{"line":46,"column":23},"end":{"line":48,"column":3}},"line":46},"5":{"name":"(anonymous_5)","decl":{"start":{"line":47,"column":39},"end":{"line":47,"column":40}},"loc":{"start":{"line":47,"column":52},"end":{"line":47,"column":68}},"line":47}},"branchMap":{"0":{"loc":{"start":{"line":25,"column":5},"end":{"line":25,"column":52}},"type":"binary-expr","locations":[{"start":{"line":25,"column":5},"end":{"line":25,"column":23}},{"start":{"line":25,"column":28},"end":{"line":25,"column":51}}],"line":25},"1":{"loc":{"start":{"line":35,"column":4},"end":{"line":37,"column":5}},"type":"if","locations":[{"start":{"line":35,"column":4},"end":{"line":37,"column":5}},{"start":{},"end":{}}],"line":35},"2":{"loc":{"start":{"line":47,"column":5},"end":{"line":47,"column":29}},"type":"binary-expr","locations":[{"start":{"line":47,"column":5},"end":{"line":47,"column":23}},{"start":{"line":47,"column":27},"end":{"line":47,"column":29}}],"line":47}},"s":{"0":12,"1":4,"2":1,"3":1,"4":1,"5":3,"6":3},"f":{"0":12,"1":4,"2":1,"3":1,"4":3,"5":3},"b":{"0":[4,3],"1":[1,0],"2":[3,0]},"_coverageSchema":"1a1c01bbd47fc00a2c39e90264f33305004495a9","hash":"d432d3be1932e19027d9b8269fbf0c474701a928"}
,"/Users/tarekraafat/Library/CloudStorage/GoogleDrive-tarek.m.raafat@gmail.com/My Drive/Projects/Development/Javascript/eleva/src/modules/Renderer.js": {"path":"/Users/tarekraafat/Library/CloudStorage/GoogleDrive-tarek.m.raafat@gmail.com/My Drive/Projects/Development/Javascript/eleva/src/modules/Renderer.js","statementMap":{"0":{"start":{"line":17,"column":26},"end":{"line":17,"column":55}},"1":{"start":{"line":18,"column":4},"end":{"line":18,"column":38}},"2":{"start":{"line":19,"column":4},"end":{"line":19,"column":40}},"3":{"start":{"line":30,"column":4},"end":{"line":30,"column":49}},"4":{"start":{"line":30,"column":42},"end":{"line":30,"column":49}},"5":{"start":{"line":32,"column":21},"end":{"line":32,"column":94}},"6":{"start":{"line":33,"column":21},"end":{"line":33,"column":94}},"7":{"start":{"line":35,"column":16},"end":{"line":35,"column":58}},"8":{"start":{"line":37,"column":4},"end":{"line":87,"column":5}},"9":{"start":{"line":37,"column":17},"end":{"line":37,"column":18}},"10":{"start":{"line":38,"column":22},"end":{"line":38,"column":33}},"11":{"start":{"line":39,"column":22},"end":{"line":39,"column":33}},"12":{"start":{"line":42,"column":6},"end":{"line":45,"column":7}},"13":{"start":{"line":43,"column":8},"end":{"line":43,"column":55}},"14":{"start":{"line":44,"column":8},"end":{"line":44,"column":17}},"15":{"start":{"line":47,"column":6},"end":{"line":50,"column":7}},"16":{"start":{"line":48,"column":8},"end":{"line":48,"column":39}},"17":{"start":{"line":49,"column":8},"end":{"line":49,"column":17}},"18":{"start":{"line":53,"column":6},"end":{"line":65,"column":7}},"19":{"start":{"line":57,"column":23},"end":{"line":57,"column":50}},"20":{"start":{"line":58,"column":23},"end":{"line":58,"column":50}},"21":{"start":{"line":59,"column":8},"end":{"line":64,"column":9}},"22":{"start":{"line":60,"column":10},"end":{"line":63,"column":11}},"23":{"start":{"line":61,"column":12},"end":{"line":61,"column":69}},"24":{"start":{"line":62,"column":12},"end":{"line":62,"column":21}},"25":{"start":{"line":68,"column":6},"end":{"line":74,"column":7}},"26":{"start":{"line":72,"column":8},"end":{"line":72,"column":65}},"27":{"start":{"line":73,"column":8},"end":{"line":73,"column":17}},"28":{"start":{"line":76,"column":6},"end":{"line":81,"column":7}},"29":{"start":{"line":77,"column":8},"end":{"line":79,"column":9}},"30":{"start":{"line":78,"column":10},"end":{"line":78,"column":48}},"31":{"start":{"line":80,"column":8},"end":{"line":80,"column":17}},"32":{"start":{"line":83,"column":6},"end":{"line":86,"column":7}},"33":{"start":{"line":84,"column":8},"end":{"line":84,"column":48}},"34":{"start":{"line":85,"column":8},"end":{"line":85,"column":36}},"35":{"start":{"line":97,"column":35},"end":{"line":102,"column":5}},"36":{"start":{"line":105,"column":4},"end":{"line":110,"column":7}},"37":{"start":{"line":106,"column":6},"end":{"line":106,"column":44}},"38":{"start":{"line":106,"column":37},"end":{"line":106,"column":44}},"39":{"start":{"line":107,"column":6},"end":{"line":109,"column":7}},"40":{"start":{"line":108,"column":8},"end":{"line":108,"column":41}},"41":{"start":{"line":112,"column":4},"end":{"line":122,"column":7}},"42":{"start":{"line":113,"column":6},"end":{"line":113,"column":44}},"43":{"start":{"line":113,"column":37},"end":{"line":113,"column":44}},"44":{"start":{"line":114,"column":6},"end":{"line":121,"column":7}},"45":{"start":{"line":115,"column":8},"end":{"line":115,"column":50}},"46":{"start":{"line":116,"column":8},"end":{"line":120,"column":9}},"47":{"start":{"line":117,"column":10},"end":{"line":117,"column":64}},"48":{"start":{"line":118,"column":15},"end":{"line":120,"column":9}},"49":{"start":{"line":119,"column":10},"end":{"line":119,"column":40}}},"fnMap":{"0":{"name":"(anonymous_0)","decl":{"start":{"line":16,"column":2},"end":{"line":16,"column":3}},"loc":{"start":{"line":16,"column":31},"end":{"line":20,"column":3}},"line":16},"1":{"name":"(anonymous_1)","decl":{"start":{"line":28,"column":2},"end":{"line":28,"column":3}},"loc":{"start":{"line":28,"column":29},"end":{"line":88,"column":3}},"line":28},"2":{"name":"(anonymous_2)","decl":{"start":{"line":96,"column":2},"end":{"line":96,"column":3}},"loc":{"start":{"line":96,"column":33},"end":{"line":123,"column":3}},"line":96},"3":{"name":"(anonymous_3)","decl":{"start":{"line":105,"column":41},"end":{"line":105,"column":42}},"loc":{"start":{"line":105,"column":51},"end":{"line":110,"column":5}},"line":105},"4":{"name":"(anonymous_4)","decl":{"start":{"line":112,"column":41},"end":{"line":112,"column":42}},"loc":{"start":{"line":112,"column":51},"end":{"line":122,"column":5}},"line":112}},"branchMap":{"0":{"loc":{"start":{"line":30,"column":4},"end":{"line":30,"column":49}},"type":"if","locations":[{"start":{"line":30,"column":4},"end":{"line":30,"column":49}},{"start":{},"end":{}}],"line":30},"1":{"loc":{"start":{"line":32,"column":21},"end":{"line":32,"column":94}},"type":"cond-expr","locations":[{"start":{"line":32,"column":57},"end":{"line":32,"column":89}},{"start":{"line":32,"column":92},"end":{"line":32,"column":94}}],"line":32},"2":{"loc":{"start":{"line":32,"column":21},"end":{"line":32,"column":54}},"type":"binary-expr","locations":[{"start":{"line":32,"column":21},"end":{"line":32,"column":30}},{"start":{"line":32,"column":34},"end":{"line":32,"column":54}}],"line":32},"3":{"loc":{"start":{"line":33,"column":21},"end":{"line":33,"column":94}},"type":"cond-expr","locations":[{"start":{"line":33,"column":57},"end":{"line":33,"column":89}},{"start":{"line":33,"column":92},"end":{"line":33,"column":94}}],"line":33},"4":{"loc":{"start":{"line":33,"column":21},"end":{"line":33,"column":54}},"type":"binary-expr","locations":[{"start":{"line":33,"column":21},"end":{"line":33,"column":30}},{"start":{"line":33,"column":34},"end":{"line":33,"column":54}}],"line":33},"5":{"loc":{"start":{"line":42,"column":6},"end":{"line":45,"column":7}},"type":"if","locations":[{"start":{"line":42,"column":6},"end":{"line":45,"column":7}},{"start":{},"end":{}}],"line":42},"6":{"loc":{"start":{"line":42,"column":10},"end":{"line":42,"column":29}},"type":"binary-expr","locations":[{"start":{"line":42,"column":10},"end":{"line":42,"column":18}},{"start":{"line":42,"column":22},"end":{"line":42,"column":29}}],"line":42},"7":{"loc":{"start":{"line":47,"column":6},"end":{"line":50,"column":7}},"type":"if","locations":[{"start":{"line":47,"column":6},"end":{"line":50,"column":7}},{"start":{},"end":{}}],"line":47},"8":{"loc":{"start":{"line":47,"column":10},"end":{"line":47,"column":29}},"type":"binary-expr","locations":[{"start":{"line":47,"column":10},"end":{"line":47,"column":17}},{"start":{"line":47,"column":21},"end":{"line":47,"column":29}}],"line":47},"9":{"loc":{"start":{"line":53,"column":6},"end":{"line":65,"column":7}},"type":"if","locations":[{"start":{"line":53,"column":6},"end":{"line":65,"column":7}},{"start":{},"end":{}}],"line":53},"10":{"loc":{"start":{"line":54,"column":8},"end":{"line":55,"column":46}},"type":"binary-expr","locations":[{"start":{"line":54,"column":8},"end":{"line":54,"column":46}},{"start":{"line":55,"column":8},"end":{"line":55,"column":46}}],"line":54},"11":{"loc":{"start":{"line":59,"column":8},"end":{"line":64,"column":9}},"type":"if","locations":[{"start":{"line":59,"column":8},"end":{"line":64,"column":9}},{"start":{},"end":{}}],"line":59},"12":{"loc":{"start":{"line":59,"column":12},"end":{"line":59,"column":28}},"type":"binary-expr","locations":[{"start":{"line":59,"column":12},"end":{"line":59,"column":18}},{"start":{"line":59,"column":22},"end":{"line":59,"column":28}}],"line":59},"13":{"loc":{"start":{"line":60,"column":10},"end":{"line":63,"column":11}},"type":"if","locations":[{"start":{"line":60,"column":10},"end":{"line":63,"column":11}},{"start":{},"end":{}}],"line":60},"14":{"loc":{"start":{"line":68,"column":6},"end":{"line":74,"column":7}},"type":"if","locations":[{"start":{"line":68,"column":6},"end":{"line":74,"column":7}},{"start":{},"end":{}}],"line":68},"15":{"loc":{"start":{"line":69,"column":8},"end":{"line":70,"column":45}},"type":"binary-expr","locations":[{"start":{"line":69,"column":8},"end":{"line":69,"column":45}},{"start":{"line":70,"column":8},"end":{"line":70,"column":45}}],"line":69},"16":{"loc":{"start":{"line":76,"column":6},"end":{"line":81,"column":7}},"type":"if","locations":[{"start":{"line":76,"column":6},"end":{"line":81,"column":7}},{"start":{},"end":{}}],"line":76},"17":{"loc":{"start":{"line":77,"column":8},"end":{"line":79,"column":9}},"type":"if","locations":[{"start":{"line":77,"column":8},"end":{"line":79,"column":9}},{"start":{},"end":{}}],"line":77},"18":{"loc":{"start":{"line":83,"column":6},"end":{"line":86,"column":7}},"type":"if","locations":[{"start":{"line":83,"column":6},"end":{"line":86,"column":7}},{"start":{},"end":{}}],"line":83},"19":{"loc":{"start":{"line":106,"column":6},"end":{"line":106,"column":44}},"type":"if","locations":[{"start":{"line":106,"column":6},"end":{"line":106,"column":44}},{"start":{},"end":{}}],"line":106},"20":{"loc":{"start":{"line":107,"column":6},"end":{"line":109,"column":7}},"type":"if","locations":[{"start":{"line":107,"column":6},"end":{"line":109,"column":7}},{"start":{},"end":{}}],"line":107},"21":{"loc":{"start":{"line":113,"column":6},"end":{"line":113,"column":44}},"type":"if","locations":[{"start":{"line":113,"column":6},"end":{"line":113,"column":44}},{"start":{},"end":{}}],"line":113},"22":{"loc":{"start":{"line":114,"column":6},"end":{"line":121,"column":7}},"type":"if","locations":[{"start":{"line":114,"column":6},"end":{"line":121,"column":7}},{"start":{},"end":{}}],"line":114},"23":{"loc":{"start":{"line":116,"column":8},"end":{"line":120,"column":9}},"type":"if","locations":[{"start":{"line":116,"column":8},"end":{"line":120,"column":9}},{"start":{"line":118,"column":15},"end":{"line":120,"column":9}}],"line":116},"24":{"loc":{"start":{"line":118,"column":15},"end":{"line":120,"column":9}},"type":"if","locations":[{"start":{"line":118,"column":15},"end":{"line":120,"column":9}},{"start":{},"end":{}}],"line":118}},"s":{"0":6,"1":6,"2":6,"3":9,"4":0,"5":9,"6":9,"7":9,"8":9,"9":9,"10":11,"11":11,"12":11,"13":7,"14":7,"15":4,"16":0,"17":0,"18":4,"19":2,"20":2,"21":2,"22":1,"23":0,"24":0,"25":4,"26":0,"27":0,"28":4,"29":2,"30":2,"31":2,"32":2,"33":2,"34":2,"35":3,"36":3,"37":2,"38":0,"39":2,"40":0,"41":3,"42":2,"43":0,"44":2,"45":1,"46":1,"47":0,"48":1,"49":0},"f":{"0":6,"1":9,"2":3,"3":2,"4":2},"b":{"0":[0,9],"1":[9,0],"2":[9,9],"3":[9,0],"4":[9,9],"5":[7,4],"6":[11,7],"7":[0,4],"8":[4,4],"9":[2,2],"10":[4,2],"11":[1,1],"12":[2,1],"13":[0,1],"14":[0,4],"15":[4,4],"16":[2,2],"17":[2,0],"18":[2,0],"19":[0,2],"20":[0,2],"21":[0,2],"22":[1,1],"23":[0,1],"24":[0,1]},"_coverageSchema":"1a1c01bbd47fc00a2c39e90264f33305004495a9","hash":"88186fb6509d5a1a82765a2dfc6194f2a2fcf843"}
,"/Users/tarekraafat/Library/CloudStorage/GoogleDrive-tarek.m.raafat@gmail.com/My Drive/Projects/Development/Javascript/eleva/src/modules/Signal.js": {"path":"/Users/tarekraafat/Library/CloudStorage/GoogleDrive-tarek.m.raafat@gmail.com/My Drive/Projects/Development/Javascript/eleva/src/modules/Signal.js","statementMap":{"0":{"start":{"line":17,"column":4},"end":{"line":17,"column":24}},"1":{"start":{"line":19,"column":4},"end":{"line":19,"column":31}},"2":{"start":{"line":21,"column":4},"end":{"line":21,"column":26}},"3":{"start":{"line":30,"column":4},"end":{"line":30,"column":23}},"4":{"start":{"line":39,"column":4},"end":{"line":42,"column":5}},"5":{"start":{"line":40,"column":6},"end":{"line":40,"column":27}},"6":{"start":{"line":41,"column":6},"end":{"line":41,"column":29}},"7":{"start":{"line":52,"column":4},"end":{"line":52,"column":27}},"8":{"start":{"line":53,"column":4},"end":{"line":53,"column":43}},"9":{"start":{"line":53,"column":17},"end":{"line":53,"column":42}},"10":{"start":{"line":65,"column":4},"end":{"line":71,"column":5}},"11":{"start":{"line":66,"column":6},"end":{"line":66,"column":27}},"12":{"start":{"line":67,"column":6},"end":{"line":70,"column":9}},"13":{"start":{"line":68,"column":8},"end":{"line":68,"column":30}},"14":{"start":{"line":69,"column":8},"end":{"line":69,"column":56}},"15":{"start":{"line":69,"column":39},"end":{"line":69,"column":54}}},"fnMap":{"0":{"name":"(anonymous_0)","decl":{"start":{"line":15,"column":2},"end":{"line":15,"column":3}},"loc":{"start":{"line":15,"column":21},"end":{"line":22,"column":3}},"line":15},"1":{"name":"(anonymous_1)","decl":{"start":{"line":29,"column":2},"end":{"line":29,"column":3}},"loc":{"start":{"line":29,"column":14},"end":{"line":31,"column":3}},"line":29},"2":{"name":"(anonymous_2)","decl":{"start":{"line":38,"column":2},"end":{"line":38,"column":3}},"loc":{"start":{"line":38,"column":20},"end":{"line":43,"column":3}},"line":38},"3":{"name":"(anonymous_3)","decl":{"start":{"line":51,"column":2},"end":{"line":51,"column":3}},"loc":{"start":{"line":51,"column":12},"end":{"line":54,"column":3}},"line":51},"4":{"name":"(anonymous_4)","decl":{"start":{"line":53,"column":11},"end":{"line":53,"column":12}},"loc":{"start":{"line":53,"column":17},"end":{"line":53,"column":42}},"line":53},"5":{"name":"(anonymous_5)","decl":{"start":{"line":64,"column":2},"end":{"line":64,"column":3}},"loc":{"start":{"line":64,"column":20},"end":{"line":72,"column":3}},"line":64},"6":{"name":"(anonymous_6)","decl":{"start":{"line":67,"column":21},"end":{"line":67,"column":22}},"loc":{"start":{"line":67,"column":27},"end":{"line":70,"column":7}},"line":67},"7":{"name":"(anonymous_7)","decl":{"start":{"line":69,"column":31},"end":{"line":69,"column":32}},"loc":{"start":{"line":69,"column":39},"end":{"line":69,"column":54}},"line":69}},"branchMap":{"0":{"loc":{"start":{"line":39,"column":4},"end":{"line":42,"column":5}},"type":"if","locations":[{"start":{"line":39,"column":4},"end":{"line":42,"column":5}},{"start":{},"end":{}}],"line":39},"1":{"loc":{"start":{"line":65,"column":4},"end":{"line":71,"column":5}},"type":"if","locations":[{"start":{"line":65,"column":4},"end":{"line":71,"column":5}},{"start":{},"end":{}}],"line":65}},"s":{"0":7,"1":7,"2":7,"3":3,"4":3,"5":2,"6":2,"7":5,"8":5,"9":2,"10":2,"11":2,"12":2,"13":2,"14":2,"15":1},"f":{"0":7,"1":3,"2":3,"3":5,"4":2,"5":2,"6":2,"7":1},"b":{"0":[2,1],"1":[2,0]},"_coverageSchema":"1a1c01bbd47fc00a2c39e90264f33305004495a9","hash":"d33cbf870c02e4bdc3358c4727a471dd7956549d"}
,"/Users/tarekraafat/Library/CloudStorage/GoogleDrive-tarek.m.raafat@gmail.com/My Drive/Projects/Development/Javascript/eleva/src/modules/TemplateEngine.js": {"path":"/Users/tarekraafat/Library/CloudStorage/GoogleDrive-tarek.m.raafat@gmail.com/My Drive/Projects/Development/Javascript/eleva/src/modules/TemplateEngine.js","statementMap":{"0":{"start":{"line":18,"column":4},"end":{"line":18,"column":36}},"1":{"start":{"line":18,"column":26},"end":{"line":18,"column":36}},"2":{"start":{"line":20,"column":4},"end":{"line":23,"column":7}},"3":{"start":{"line":21,"column":20},"end":{"line":21,"column":45}},"4":{"start":{"line":22,"column":6},"end":{"line":22,"column":46}},"5":{"start":{"line":34,"column":4},"end":{"line":48,"column":5}},"6":{"start":{"line":35,"column":6},"end":{"line":35,"column":34}},"7":{"start":{"line":35,"column":24},"end":{"line":35,"column":34}},"8":{"start":{"line":37,"column":19},"end":{"line":37,"column":36}},"9":{"start":{"line":38,"column":21},"end":{"line":38,"column":40}},"10":{"start":{"line":39,"column":21},"end":{"line":39,"column":105}},"11":{"start":{"line":40,"column":6},"end":{"line":40,"column":48}},"12":{"start":{"line":42,"column":6},"end":{"line":46,"column":9}},"13":{"start":{"line":47,"column":6},"end":{"line":47,"column":16}}},"fnMap":{"0":{"name":"(anonymous_0)","decl":{"start":{"line":17,"column":2},"end":{"line":17,"column":3}},"loc":{"start":{"line":17,"column":31},"end":{"line":24,"column":3}},"line":17},"1":{"name":"(anonymous_1)","decl":{"start":{"line":20,"column":52},"end":{"line":20,"column":53}},"loc":{"start":{"line":20,"column":65},"end":{"line":23,"column":5}},"line":20},"2":{"name":"(anonymous_2)","decl":{"start":{"line":33,"column":2},"end":{"line":33,"column":3}},"loc":{"start":{"line":33,"column":30},"end":{"line":49,"column":3}},"line":33}},"branchMap":{"0":{"loc":{"start":{"line":18,"column":4},"end":{"line":18,"column":36}},"type":"if","locations":[{"start":{"line":18,"column":4},"end":{"line":18,"column":36}},{"start":{},"end":{}}],"line":18},"1":{"loc":{"start":{"line":22,"column":13},"end":{"line":22,"column":45}},"type":"cond-expr","locations":[{"start":{"line":22,"column":35},"end":{"line":22,"column":37}},{"start":{"line":22,"column":40},"end":{"line":22,"column":45}}],"line":22},"2":{"loc":{"start":{"line":35,"column":6},"end":{"line":35,"column":34}},"type":"if","locations":[{"start":{"line":35,"column":6},"end":{"line":35,"column":34}},{"start":{},"end":{}}],"line":35},"3":{"loc":{"start":{"line":40,"column":13},"end":{"line":40,"column":47}},"type":"cond-expr","locations":[{"start":{"line":40,"column":36},"end":{"line":40,"column":38}},{"start":{"line":40,"column":41},"end":{"line":40,"column":47}}],"line":40}},"s":{"0":6,"1":0,"2":6,"3":1,"4":1,"5":4,"6":4,"7":0,"8":4,"9":4,"10":4,"11":4,"12":0,"13":0},"f":{"0":6,"1":1,"2":4},"b":{"0":[0,6],"1":[0,1],"2":[0,4],"3":[0,4]},"_coverageSchema":"1a1c01bbd47fc00a2c39e90264f33305004495a9","hash":"b3a7d7b2f942ee40744754a114a55cd44c622936"}
}
