TN:
SF:src/index.js
FNF:0
FNH:0
LF:0
LH:0
BRF:0
BRH:0
end_of_record
TN:
SF:src/core/Eleva.js
FN:44,(anonymous_0)
FN:76,(anonymous_1)
FN:91,(anonymous_2)
FN:105,(anonymous_3)
FN:140,(anonymous_4)
FN:155,(anonymous_5)
FN:171,(anonymous_6)
FN:193,(anonymous_7)
FN:207,(anonymous_8)
FN:208,(anonymous_9)
FN:209,(anonymous_10)
FN:210,(anonymous_11)
FN:220,(anonymous_12)
FN:229,(anonymous_13)
FN:230,(anonymous_14)
FN:231,(anonymous_15)
FN:245,(anonymous_16)
FN:246,(anonymous_17)
FN:247,(anonymous_18)
FN:254,(anonymous_19)
FN:270,(anonymous_20)
FN:292,(anonymous_21)
FN:293,(anonymous_22)
FN:296,(anonymous_23)
FN:297,(anonymous_24)
FN:299,(anonymous_25)
FNF:26
FNH:24
FNDA:9,(anonymous_0)
FNDA:1,(anonymous_1)
FNDA:5,(anonymous_2)
FNDA:5,(anonymous_3)
FNDA:2,(anonymous_4)
FNDA:5,(anonymous_5)
FNDA:5,(anonymous_6)
FNDA:7,(anonymous_7)
FNDA:2,(anonymous_8)
FNDA:1,(anonymous_9)
FNDA:1,(anonymous_10)
FNDA:0,(anonymous_11)
FNDA:5,(anonymous_12)
FNDA:5,(anonymous_13)
FNDA:25,(anonymous_14)
FNDA:9,(anonymous_15)
FNDA:5,(anonymous_16)
FNDA:7,(anonymous_17)
FNDA:2,(anonymous_18)
FNDA:1,(anonymous_19)
FNDA:5,(anonymous_20)
FNDA:5,(anonymous_21)
FNDA:0,(anonymous_22)
FNDA:1,(anonymous_23)
FNDA:1,(anonymous_24)
FNDA:1,(anonymous_25)
DA:46,9
DA:48,9
DA:50,9
DA:52,9
DA:54,9
DA:62,9
DA:64,9
DA:66,9
DA:77,1
DA:78,1
DA:80,1
DA:81,1
DA:92,5
DA:93,5
DA:106,5
DA:109,5
DA:110,4
DA:111,4
DA:112,0
DA:113,1
DA:114,1
DA:116,0
DA:126,5
DA:137,5
DA:140,2
DA:147,5
DA:155,5
DA:156,5
DA:157,5
DA:158,5
DA:159,5
DA:161,5
DA:162,5
DA:164,0
DA:171,5
DA:172,5
DA:176,5
DA:177,5
DA:178,5
DA:179,5
DA:180,5
DA:181,5
DA:182,5
DA:184,0
DA:193,5
DA:194,7
DA:197,5
DA:199,5
DA:208,2
DA:209,2
DA:210,2
DA:211,2
DA:212,2
DA:218,5
DA:220,5
DA:230,5
DA:231,25
DA:232,25
DA:246,5
DA:247,7
DA:248,2
DA:249,1
DA:250,1
DA:251,1
DA:252,1
DA:253,1
DA:254,1
DA:271,5
DA:272,0
DA:275,0
DA:276,0
DA:277,0
DA:278,0
DA:280,0
DA:293,5
DA:294,5
DA:296,5
DA:297,1
DA:298,1
DA:299,1
DA:300,1
DA:301,1
DA:304,1
DA:305,1
LF:84
LH:74
BRDA:44,0,0,9
BRDA:76,1,0,0
BRDA:77,2,0,1
BRDA:77,2,1,0
BRDA:105,3,0,4
BRDA:106,4,0,0
BRDA:106,4,1,5
BRDA:109,5,0,4
BRDA:109,5,1,1
BRDA:111,6,0,0
BRDA:111,6,1,4
BRDA:113,7,0,1
BRDA:113,7,1,0
BRDA:161,8,0,5
BRDA:161,8,1,0
BRDA:162,9,0,5
BRDA:162,9,1,5
BRDA:164,10,0,0
BRDA:164,10,1,0
BRDA:180,11,0,5
BRDA:180,11,1,0
BRDA:181,12,0,5
BRDA:181,12,1,5
BRDA:184,13,0,0
BRDA:184,13,1,0
BRDA:194,14,0,2
BRDA:194,14,1,5
BRDA:211,15,0,2
BRDA:211,15,1,2
BRDA:219,16,0,5
BRDA:219,16,1,0
BRDA:248,17,0,1
BRDA:248,17,1,1
BRDA:251,18,0,1
BRDA:251,18,1,0
BRDA:271,19,0,0
BRDA:271,19,1,5
BRDA:275,20,0,0
BRDA:275,20,1,0
BRDA:296,21,0,5
BRDA:296,21,1,4
BRDA:300,22,0,1
BRDA:300,22,1,0
BRF:43
BRH:26
end_of_record
TN:
SF:src/modules/Emitter.js
FN:13,(anonymous_0)
FN:24,(anonymous_1)
FN:34,(anonymous_2)
FN:36,(anonymous_3)
FN:46,(anonymous_4)
FN:47,(anonymous_5)
FNF:6
FNH:6
FNDA:12,(anonymous_0)
FNDA:4,(anonymous_1)
FNDA:1,(anonymous_2)
FNDA:1,(anonymous_3)
FNDA:3,(anonymous_4)
FNDA:3,(anonymous_5)
DA:15,12
DA:25,4
DA:35,1
DA:36,1
DA:47,3
LF:5
LH:5
BRDA:25,0,0,4
BRDA:25,0,1,3
BRDA:35,1,0,1
BRDA:35,1,1,0
BRDA:47,2,0,3
BRDA:47,2,1,0
BRF:6
BRH:4
end_of_record
TN:
SF:src/modules/Renderer.js
FN:16,(anonymous_0)
FN:28,(anonymous_1)
FN:96,(anonymous_2)
FN:105,(anonymous_3)
FN:112,(anonymous_4)
FNF:5
FNH:5
FNDA:6,(anonymous_0)
FNDA:9,(anonymous_1)
FNDA:3,(anonymous_2)
FNDA:2,(anonymous_3)
FNDA:2,(anonymous_4)
DA:17,6
DA:18,6
DA:19,6
DA:30,9
DA:32,9
DA:33,9
DA:35,9
DA:37,9
DA:38,11
DA:39,11
DA:42,11
DA:43,7
DA:44,7
DA:47,4
DA:48,0
DA:49,0
DA:53,4
DA:57,2
DA:58,2
DA:59,2
DA:60,1
DA:61,0
DA:62,0
DA:68,4
DA:72,0
DA:73,0
DA:76,4
DA:77,2
DA:78,2
DA:80,2
DA:83,2
DA:84,2
DA:85,2
DA:97,3
DA:105,3
DA:106,2
DA:107,2
DA:108,0
DA:112,3
DA:113,2
DA:114,2
DA:115,1
DA:116,1
DA:117,0
DA:118,1
DA:119,0
LF:46
LH:37
BRDA:30,0,0,0
BRDA:30,0,1,9
BRDA:32,1,0,9
BRDA:32,1,1,0
BRDA:32,2,0,9
BRDA:32,2,1,9
BRDA:33,3,0,9
BRDA:33,3,1,0
BRDA:33,4,0,9
BRDA:33,4,1,9
BRDA:42,5,0,7
BRDA:42,5,1,4
BRDA:42,6,0,11
BRDA:42,6,1,7
BRDA:47,7,0,0
BRDA:47,7,1,4
BRDA:47,8,0,4
BRDA:47,8,1,4
BRDA:53,9,0,2
BRDA:53,9,1,2
BRDA:54,10,0,4
BRDA:54,10,1,2
BRDA:59,11,0,1
BRDA:59,11,1,1
BRDA:59,12,0,2
BRDA:59,12,1,1
BRDA:60,13,0,0
BRDA:60,13,1,1
BRDA:68,14,0,0
BRDA:68,14,1,4
BRDA:69,15,0,4
BRDA:69,15,1,4
BRDA:76,16,0,2
BRDA:76,16,1,2
BRDA:77,17,0,2
BRDA:77,17,1,0
BRDA:83,18,0,2
BRDA:83,18,1,0
BRDA:106,19,0,0
BRDA:106,19,1,2
BRDA:107,20,0,0
BRDA:107,20,1,2
BRDA:113,21,0,0
BRDA:113,21,1,2
BRDA:114,22,0,1
BRDA:114,22,1,1
BRDA:116,23,0,0
BRDA:116,23,1,1
BRDA:118,24,0,0
BRDA:118,24,1,1
BRF:50
BRH:37
end_of_record
TN:
SF:src/modules/Signal.js
FN:15,(anonymous_0)
FN:29,(anonymous_1)
FN:38,(anonymous_2)
FN:51,(anonymous_3)
FN:53,(anonymous_4)
FN:64,(anonymous_5)
FN:67,(anonymous_6)
FN:69,(anonymous_7)
FNF:8
FNH:8
FNDA:7,(anonymous_0)
FNDA:3,(anonymous_1)
FNDA:3,(anonymous_2)
FNDA:5,(anonymous_3)
FNDA:2,(anonymous_4)
FNDA:2,(anonymous_5)
FNDA:2,(anonymous_6)
FNDA:1,(anonymous_7)
DA:17,7
DA:19,7
DA:21,7
DA:30,3
DA:39,3
DA:40,2
DA:41,2
DA:52,5
DA:53,5
DA:65,2
DA:66,2
DA:67,2
DA:68,2
DA:69,2
LF:14
LH:14
BRDA:39,0,0,2
BRDA:39,0,1,1
BRDA:65,1,0,2
BRDA:65,1,1,0
BRF:4
BRH:3
end_of_record
TN:
SF:src/modules/TemplateEngine.js
FN:17,(anonymous_0)
FN:20,(anonymous_1)
FN:33,(anonymous_2)
FNF:3
FNH:3
FNDA:6,(anonymous_0)
FNDA:1,(anonymous_1)
FNDA:4,(anonymous_2)
DA:18,6
DA:20,6
DA:21,1
DA:22,1
DA:34,4
DA:35,4
DA:37,4
DA:38,4
DA:39,4
DA:40,4
DA:42,0
DA:47,0
LF:12
LH:10
BRDA:18,0,0,0
BRDA:18,0,1,6
BRDA:22,1,0,0
BRDA:22,1,1,1
BRDA:35,2,0,0
BRDA:35,2,1,4
BRDA:40,3,0,0
BRDA:40,3,1,4
BRF:8
BRH:4
end_of_record
